<?xml version="1.0" encoding="UTF-8"?>
<!-- Generated by org.testng.reporters.JUnitReportReporter -->
<testsuite skipped="0" hostname="Tyss-SR-021" name="com.testyantra.eshopping.testscripts.criticaltests.kart.TC001" tests="1" failures="0" timestamp="2021-05-16T08:02:43 IST" time="25.183" errors="0">
  <testcase name="testProductisDisplayedInKart" time="25.183" classname="com.testyantra.eshopping.testscripts.criticaltests.kart.TC001"/>
  <system-out/>
</testsuite> <!-- com.testyantra.eshopping.testscripts.criticaltests.kart.TC001 -->
